<?xml version="1.0" encoding="UTF-8"?>
<!-- Generated by org.testng.reporters.JUnitReportReporter -->
<testsuite hostname="DESKTOP-C2I0Q31" failures="0" tests="7" name="com.qa.restassured.test.Tc002_RestAssured_POST_Test" time="0.923" errors="0" timestamp="18 Feb 2020 17:48:50 GMT" skipped="0">
  <testcase classname="com.qa.restassured.test.Tc002_RestAssured_POST_Test" name="checkResposeBody" time="0.896"/>
  <testcase classname="com.qa.restassured.test.Tc002_RestAssured_POST_Test" name="checkStatusCode" time="0.005"/>
  <testcase classname="com.qa.restassured.test.Tc002_RestAssured_POST_Test" name="checkStatusLine" time="0.003"/>
  <testcase classname="com.qa.restassured.test.Tc002_RestAssured_POST_Test" name="checkHeaders" time="0.004"/>
  <testcase classname="com.qa.restassured.test.Tc002_RestAssured_POST_Test" name="checkResponseTime" time="0.007"/>
  <testcase classname="com.qa.restassured.test.Tc002_RestAssured_POST_Test" name="checkCookies" time="0.004"/>
  <testcase classname="com.qa.restassured.test.Tc002_RestAssured_POST_Test" name="checkserverType" time="0.004"/>
</testsuite> <!-- com.qa.restassured.test.Tc002_RestAssured_POST_Test -->
