<?xml version="1.0" encoding="UTF-8"?>
<!-- Generated by org.testng.reporters.JUnitReportReporter -->
<testsuite hostname="DESKTOP-C2I0Q31" failures="0" tests="7" name="com.qa.restassured.test.Tc001_SingleRestAssured_GET_Test" time="0.916" errors="0" timestamp="18 Feb 2020 17:23:44 GMT" skipped="0">
  <testcase classname="com.qa.restassured.test.Tc001_SingleRestAssured_GET_Test" name="getAllEmployeeRecords" time="0.829"/>
  <testcase classname="com.qa.restassured.test.Tc001_SingleRestAssured_GET_Test" name="checkStatusCode" time="0.057"/>
  <testcase classname="com.qa.restassured.test.Tc001_SingleRestAssured_GET_Test" name="checkStatusLine" time="0.009"/>
  <testcase classname="com.qa.restassured.test.Tc001_SingleRestAssured_GET_Test" name="checkHeaders" time="0.005"/>
  <testcase classname="com.qa.restassured.test.Tc001_SingleRestAssured_GET_Test" name="checkResponseTime" time="0.009"/>
  <testcase classname="com.qa.restassured.test.Tc001_SingleRestAssured_GET_Test" name="checkCookies" time="0.007"/>
  <testcase classname="com.qa.restassured.test.Tc001_SingleRestAssured_GET_Test" name="checkserverType" time="0.000"/>
</testsuite> <!-- com.qa.restassured.test.Tc001_SingleRestAssured_GET_Test -->
