<?xml version="1.0" encoding="UTF-8"?>
<!-- Generated by org.testng.reporters.JUnitReportReporter -->
<testsuite hostname="DESKTOP-C2I0Q31" failures="0" tests="7" name="com.qa.restassured.test.Tc001_RestAssured_GET_Test" time="0.946" errors="0" timestamp="18 Feb 2020 17:22:11 GMT" skipped="0">
  <testcase classname="com.qa.restassured.test.Tc001_RestAssured_GET_Test" name="getAllEmployeeRecords" time="0.914"/>
  <testcase classname="com.qa.restassured.test.Tc001_RestAssured_GET_Test" name="checkStatusCode" time="0.000"/>
  <testcase classname="com.qa.restassured.test.Tc001_RestAssured_GET_Test" name="checkStatusLine" time="0.000"/>
  <testcase classname="com.qa.restassured.test.Tc001_RestAssured_GET_Test" name="checkHeaders" time="0.016"/>
  <testcase classname="com.qa.restassured.test.Tc001_RestAssured_GET_Test" name="checkResponseTime" time="0.000"/>
  <testcase classname="com.qa.restassured.test.Tc001_RestAssured_GET_Test" name="checkCookies" time="0.000"/>
  <testcase classname="com.qa.restassured.test.Tc001_RestAssured_GET_Test" name="checkserverType" time="0.016"/>
</testsuite> <!-- com.qa.restassured.test.Tc001_RestAssured_GET_Test -->
