<?xml version="1.0" encoding="UTF-8"?>
<!-- Generated by org.testng.reporters.JUnitReportReporter -->
<testsuite hostname="DESKTOP-C2I0Q31" failures="0" tests="5" name="com.qa.restassured.test.Tc004_RestAssured_DELETE_Test" time="0.046" errors="0" timestamp="18 Feb 2020 15:51:52 GMT" skipped="0">
  <testcase classname="com.qa.restassured.test.Tc004_RestAssured_DELETE_Test" name="checkResposeBody" time="0.035"/>
  <testcase classname="com.qa.restassured.test.Tc004_RestAssured_DELETE_Test" name="checkStatusCode" time="0.005"/>
  <testcase classname="com.qa.restassured.test.Tc004_RestAssured_DELETE_Test" name="checkstatusLine" time="0.006"/>
  <testcase classname="com.qa.restassured.test.Tc004_RestAssured_DELETE_Test" name="checkContentType" time="0.000"/>
  <testcase classname="com.qa.restassured.test.Tc004_RestAssured_DELETE_Test" name="checkserverType" time="0.000"/>
</testsuite> <!-- com.qa.restassured.test.Tc004_RestAssured_DELETE_Test -->
