<?xml version="1.0" encoding="UTF-8"?>
<!-- Generated by org.testng.reporters.JUnitReportReporter -->
<testsuite hostname="DESKTOP-C2I0Q31" failures="0" tests="7" name="com.qa.restassured.test.A_RestAssured_GET_Test" time="9.175" errors="0" timestamp="31 Dec 2019 14:52:52 GMT" skipped="0">
  <testcase classname="com.qa.restassured.test.A_RestAssured_GET_Test" name="getAllEmployeeRecords" time="0.970"/>
  <testcase classname="com.qa.restassured.test.A_RestAssured_GET_Test" name="checkStatusCode" time="0.942"/>
  <testcase classname="com.qa.restassured.test.A_RestAssured_GET_Test" name="checkStatusLine" time="0.910"/>
  <testcase classname="com.qa.restassured.test.A_RestAssured_GET_Test" name="checkHeaders" time="0.942"/>
  <testcase classname="com.qa.restassured.test.A_RestAssured_GET_Test" name="checkResponseTime" time="3.539"/>
  <testcase classname="com.qa.restassured.test.A_RestAssured_GET_Test" name="checkCookies" time="0.960"/>
  <testcase classname="com.qa.restassured.test.A_RestAssured_GET_Test" name="checkserverType" time="0.912"/>
</testsuite> <!-- com.qa.restassured.test.A_RestAssured_GET_Test -->
