<?xml version="1.0" encoding="UTF-8"?>
<!-- Generated by org.testng.reporters.JUnitReportReporter -->
<testsuite hostname="DESKTOP-C2I0Q31" failures="0" tests="7" name="com.qa.restassured.test.Tc003_RestAssured_PUT_Test" time="0.668" errors="0" timestamp="18 Feb 2020 17:55:45 GMT" skipped="0">
  <testcase classname="com.qa.restassured.test.Tc003_RestAssured_PUT_Test" name="checkResposeBody" time="0.621"/>
  <testcase classname="com.qa.restassured.test.Tc003_RestAssured_PUT_Test" name="checkStatusCode" time="0.005"/>
  <testcase classname="com.qa.restassured.test.Tc003_RestAssured_PUT_Test" name="checkStatusLine" time="0.007"/>
  <testcase classname="com.qa.restassured.test.Tc003_RestAssured_PUT_Test" name="checkHeaders" time="0.013"/>
  <testcase classname="com.qa.restassured.test.Tc003_RestAssured_PUT_Test" name="checkResponseTime" time="0.016"/>
  <testcase classname="com.qa.restassured.test.Tc003_RestAssured_PUT_Test" name="checkCookies" time="0.005"/>
  <testcase classname="com.qa.restassured.test.Tc003_RestAssured_PUT_Test" name="checkserverType" time="0.001"/>
</testsuite> <!-- com.qa.restassured.test.Tc003_RestAssured_PUT_Test -->
